TN:
SF:routes.js
FN:13,(anonymous_0)
FN:20,(anonymous_1)
FN:40,(anonymous_2)
FN:54,(anonymous_3)
FN:78,(anonymous_4)
FN:87,(anonymous_5)
FN:98,(anonymous_6)
FN:106,(anonymous_7)
FN:117,(anonymous_8)
FN:124,(anonymous_9)
FN:136,(anonymous_10)
FN:145,(anonymous_11)
FN:160,(anonymous_12)
FN:175,(anonymous_13)
FN:192,(anonymous_14)
FN:204,(anonymous_15)
FN:220,(anonymous_16)
FN:236,(anonymous_17)
FN:248,(anonymous_18)
FN:276,(anonymous_19)
FNF:20
FNH:20
FNDA:1,(anonymous_0)
FNDA:2,(anonymous_1)
FNDA:1,(anonymous_2)
FNDA:1,(anonymous_3)
FNDA:1,(anonymous_4)
FNDA:1,(anonymous_5)
FNDA:1,(anonymous_6)
FNDA:1,(anonymous_7)
FNDA:1,(anonymous_8)
FNDA:1,(anonymous_9)
FNDA:1,(anonymous_10)
FNDA:1,(anonymous_11)
FNDA:3,(anonymous_12)
FNDA:1,(anonymous_13)
FNDA:2,(anonymous_14)
FNDA:3,(anonymous_15)
FNDA:1,(anonymous_16)
FNDA:2,(anonymous_17)
FNDA:2,(anonymous_18)
FNDA:2,(anonymous_19)
DA:1,1
DA:2,1
DA:6,1
DA:13,1
DA:20,1
DA:22,2
DA:23,2
DA:27,2
DA:29,1
DA:30,1
DA:32,1
DA:35,0
DA:40,1
DA:44,1
DA:48,1
DA:55,1
DA:58,0
DA:59,0
DA:65,1
DA:78,1
DA:81,1
DA:82,1
DA:88,1
DA:89,0
DA:90,0
DA:92,1
DA:98,1
DA:100,1
DA:101,1
DA:107,1
DA:108,0
DA:109,0
DA:111,1
DA:117,1
DA:120,1
DA:125,1
DA:126,0
DA:127,0
DA:129,1
DA:136,1
DA:138,1
DA:140,1
DA:146,1
DA:147,0
DA:148,0
DA:150,1
DA:160,1
DA:161,3
DA:163,3
DA:165,3
DA:168,3
DA:171,1
DA:176,1
DA:177,0
DA:178,0
DA:180,1
DA:187,2
DA:193,2
DA:194,0
DA:195,0
DA:197,2
DA:204,1
DA:208,3
DA:209,3
DA:211,3
DA:214,3
DA:215,1
DA:221,1
DA:222,0
DA:223,0
DA:225,1
DA:230,2
DA:237,2
DA:238,0
DA:239,0
DA:241,2
DA:248,1
DA:251,2
DA:252,2
DA:253,2
DA:255,2
DA:256,2
DA:257,2
DA:258,2
DA:259,2
DA:260,2
DA:261,2
DA:262,2
DA:263,2
DA:265,2
DA:277,2
DA:278,0
DA:279,0
DA:281,2
DA:286,1
LF:95
LH:74
BRDA:13,0,0,1
BRDA:13,0,1,0
BRDA:27,1,0,1
BRDA:27,1,1,1
BRDA:30,2,0,1
BRDA:30,2,1,0
BRDA:44,3,0,0
BRDA:44,3,1,1
BRDA:55,4,0,0
BRDA:55,4,1,1
BRDA:55,5,0,1
BRDA:55,5,1,1
BRDA:88,6,0,0
BRDA:88,6,1,1
BRDA:88,7,0,1
BRDA:88,7,1,1
BRDA:107,8,0,0
BRDA:107,8,1,1
BRDA:107,9,0,1
BRDA:107,9,1,1
BRDA:125,10,0,0
BRDA:125,10,1,1
BRDA:125,11,0,1
BRDA:125,11,1,1
BRDA:146,12,0,0
BRDA:146,12,1,1
BRDA:146,13,0,1
BRDA:146,13,1,1
BRDA:163,14,0,3
BRDA:163,14,1,2
BRDA:168,15,0,1
BRDA:168,15,1,2
BRDA:176,16,0,0
BRDA:176,16,1,1
BRDA:176,17,0,1
BRDA:176,17,1,1
BRDA:193,18,0,0
BRDA:193,18,1,2
BRDA:193,19,0,2
BRDA:193,19,1,2
BRDA:209,20,0,3
BRDA:209,20,1,2
BRDA:214,21,0,1
BRDA:214,21,1,2
BRDA:221,22,0,0
BRDA:221,22,1,1
BRDA:221,23,0,1
BRDA:221,23,1,1
BRDA:237,24,0,0
BRDA:237,24,1,2
BRDA:237,25,0,2
BRDA:237,25,1,2
BRDA:251,26,0,2
BRDA:251,26,1,1
BRDA:252,27,0,2
BRDA:252,27,1,2
BRDA:253,28,0,2
BRDA:253,28,1,2
BRDA:255,29,0,2
BRDA:255,29,1,2
BRDA:256,30,0,2
BRDA:256,30,1,2
BRDA:257,31,0,2
BRDA:257,31,1,2
BRDA:258,32,0,2
BRDA:258,32,1,2
BRDA:259,33,0,2
BRDA:259,33,1,1
BRDA:260,34,0,2
BRDA:260,34,1,2
BRDA:261,35,0,2
BRDA:261,35,1,1
BRDA:262,36,0,2
BRDA:262,36,1,1
BRDA:263,37,0,1
BRDA:263,37,1,1
BRDA:277,38,0,0
BRDA:277,38,1,2
BRDA:277,39,0,2
BRDA:277,39,1,2
BRF:80
BRH:67
end_of_record
TN:
SF:server.js
FN:23,(anonymous_0)
FNF:1
FNH:0
FNDA:0,(anonymous_0)
DA:1,1
DA:2,1
DA:3,1
DA:4,1
DA:6,1
DA:7,1
DA:13,1
DA:14,1
DA:15,1
DA:16,1
DA:17,1
DA:18,1
DA:19,1
DA:20,1
DA:21,1
DA:23,1
DA:24,0
DA:27,1
LF:18
LH:17
BRF:0
BRH:0
end_of_record
